<?xml version="1.0" encoding="UTF-8"?>
<!-- Generated by org.testng.reporters.JUnitReportReporter -->
<testsuite skipped="0" hostname="Admins-MacBook-Pro-2.local" name="day1.Test01" tests="1" failures="0" timestamp="15 Mar 2020 08:05:10 GMT" time="0.008" errors="0">
  <testcase name="open" time="0.008" classname="day1.Test01"/>
</testsuite> <!-- day1.Test01 -->
